<?xml version="1.0" encoding="UTF-8"?>
<testng-results ignored="0" total="2" passed="2" failed="0" skipped="0">
  <reporter-output>
  </reporter-output>
  <suite started-at="2024-08-04T17:12:03 IST" name="Default suite" finished-at="2024-08-04T17:12:17 IST" duration-ms="14412">
    <groups>
      <group name="cucumber">
        <method signature="AbstractTestNGCucumberTests.runScenario(io.cucumber.testng.PickleWrapper,io.cucumber.testng.FeatureWrapper)[pri:0, instance:cucumberOptions.TestRunnerTestNG@71687585]" name="runScenario" class="io.cucumber.testng.AbstractTestNGCucumberTests"/>
      </group> <!-- cucumber -->
    </groups>
    <test started-at="2024-08-04T17:12:03 IST" name="Default test" finished-at="2024-08-04T17:12:17 IST" duration-ms="14412">
      <class name="cucumberOptions.TestRunnerTestNG">
        <test-method is-config="true" signature="setUpClass(org.testng.ITestContext)[pri:0, instance:cucumberOptions.TestRunnerTestNG@71687585]" started-at="2024-08-04T17:12:03 IST" name="setUpClass" finished-at="2024-08-04T17:12:04 IST" duration-ms="926" status="PASS">
          <params>
            <param index="0">
              <value>
                <![CDATA[org.testng.TestRunner@553f3b6e]]>
              </value>
            </param>
          </params>
          <reporter-output>
          </reporter-output>
        </test-method> <!-- setUpClass -->
        <test-method signature="runScenario(io.cucumber.testng.PickleWrapper,io.cucumber.testng.FeatureWrapper)[pri:0, instance:cucumberOptions.TestRunnerTestNG@71687585]" started-at="2024-08-04T17:12:04 IST" name="runScenario" description="Runs Cucumber Scenarios" data-provider="scenarios" finished-at="2024-08-04T17:12:17 IST" duration-ms="13230" status="PASS">
          <params>
            <param index="0">
              <value>
                <![CDATA["Sorting experience of the values in transaction table"]]>
              </value>
            </param>
            <param index="1">
              <value>
                <![CDATA["Click the amount header in transaction table to sort the values"]]>
              </value>
            </param>
          </params>
          <reporter-output>
          </reporter-output>
        </test-method> <!-- runScenario -->
        <test-method signature="runScenario(io.cucumber.testng.PickleWrapper,io.cucumber.testng.FeatureWrapper)[pri:0, instance:cucumberOptions.TestRunnerTestNG@71687585]" started-at="2024-08-04T17:12:04 IST" name="runScenario" description="Runs Cucumber Scenarios" data-provider="scenarios" finished-at="2024-08-04T17:12:17 IST" duration-ms="13355" status="PASS">
          <params>
            <param index="0">
              <value>
                <![CDATA["Sorting experience of the values in transaction table"]]>
              </value>
            </param>
            <param index="1">
              <value>
                <![CDATA["Click the amount header in transaction table to sort the values"]]>
              </value>
            </param>
          </params>
          <reporter-output>
          </reporter-output>
        </test-method> <!-- runScenario -->
        <test-method is-config="true" signature="tearDownClass()[pri:0, instance:cucumberOptions.TestRunnerTestNG@71687585]" started-at="2024-08-04T17:12:17 IST" name="tearDownClass" finished-at="2024-08-04T17:12:17 IST" duration-ms="25" status="PASS">
          <reporter-output>
          </reporter-output>
        </test-method> <!-- tearDownClass -->
      </class> <!-- cucumberOptions.TestRunnerTestNG -->
    </test> <!-- Default test -->
  </suite> <!-- Default suite -->
</testng-results>
